<?xml version="1.0" encoding="UTF-8"?>
<testsuite name="com.example.forestproject.ForestProjectApplicationTests" tests="1" skipped="0" failures="0" errors="0" timestamp="2021-12-19T13:55:07" hostname="10220최희" time="0.568">
  <properties/>
  <testcase name="contextLoads()" classname="com.example.forestproject.ForestProjectApplicationTests" time="0.568"/>
  <system-out><![CDATA[22:55:05.300 [Test worker] DEBUG org.springframework.test.context.BootstrapUtils - Instantiating CacheAwareContextLoaderDelegate from class [org.springframework.test.context.cache.DefaultCacheAwareContextLoaderDelegate]
22:55:05.318 [Test worker] DEBUG org.springframework.test.context.BootstrapUtils - Instantiating BootstrapContext using constructor [public org.springframework.test.context.support.DefaultBootstrapContext(java.lang.Class,org.springframework.test.context.CacheAwareContextLoaderDelegate)]
22:55:05.378 [Test worker] DEBUG org.springframework.test.context.BootstrapUtils - Instantiating TestContextBootstrapper for test class [com.example.forestproject.ForestProjectApplicationTests] from class [org.springframework.boot.test.context.SpringBootTestContextBootstrapper]
22:55:05.388 [Test worker] INFO org.springframework.boot.test.context.SpringBootTestContextBootstrapper - Neither @ContextConfiguration nor @ContextHierarchy found for test class [com.example.forestproject.ForestProjectApplicationTests], using SpringBootContextLoader
22:55:05.393 [Test worker] DEBUG org.springframework.test.context.support.AbstractContextLoader - Did not detect default resource location for test class [com.example.forestproject.ForestProjectApplicationTests]: class path resource [com/example/forestproject/ForestProjectApplicationTests-context.xml] does not exist
22:55:05.396 [Test worker] DEBUG org.springframework.test.context.support.AbstractContextLoader - Did not detect default resource location for test class [com.example.forestproject.ForestProjectApplicationTests]: class path resource [com/example/forestproject/ForestProjectApplicationTestsContext.groovy] does not exist
22:55:05.396 [Test worker] INFO org.springframework.test.context.support.AbstractContextLoader - Could not detect default resource locations for test class [com.example.forestproject.ForestProjectApplicationTests]: no resource found for suffixes {-context.xml, Context.groovy}.
22:55:05.397 [Test worker] INFO org.springframework.test.context.support.AnnotationConfigContextLoaderUtils - Could not detect default configuration classes for test class [com.example.forestproject.ForestProjectApplicationTests]: ForestProjectApplicationTests does not declare any static, non-private, non-final, nested classes annotated with @Configuration.
22:55:05.444 [Test worker] DEBUG org.springframework.test.context.support.ActiveProfilesUtils - Could not find an 'annotation declaring class' for annotation type [org.springframework.test.context.ActiveProfiles] and class [com.example.forestproject.ForestProjectApplicationTests]
22:55:05.518 [Test worker] DEBUG org.springframework.context.annotation.ClassPathScanningCandidateComponentProvider - Identified candidate component class: file [C:\Users\user\Desktop\ForestProject\build\classes\java\main\com\example\forestproject\ForestProjectApplication.class]
22:55:05.523 [Test worker] INFO org.springframework.boot.test.context.SpringBootTestContextBootstrapper - Found @SpringBootConfiguration com.example.forestproject.ForestProjectApplication for test class com.example.forestproject.ForestProjectApplicationTests
22:55:05.643 [Test worker] DEBUG org.springframework.boot.test.context.SpringBootTestContextBootstrapper - @TestExecutionListeners is not present for class [com.example.forestproject.ForestProjectApplicationTests]: using defaults.
22:55:05.648 [Test worker] INFO org.springframework.boot.test.context.SpringBootTestContextBootstrapper - Loaded default TestExecutionListener class names from location [META-INF/spring.factories]: [org.springframework.boot.test.autoconfigure.restdocs.RestDocsTestExecutionListener, org.springframework.boot.test.autoconfigure.web.client.MockRestServiceServerResetTestExecutionListener, org.springframework.boot.test.autoconfigure.web.servlet.MockMvcPrintOnlyOnFailureTestExecutionListener, org.springframework.boot.test.autoconfigure.web.servlet.WebDriverTestExecutionListener, org.springframework.boot.test.autoconfigure.webservices.client.MockWebServiceServerTestExecutionListener, org.springframework.boot.test.mock.mockito.MockitoTestExecutionListener, org.springframework.boot.test.mock.mockito.ResetMocksTestExecutionListener, org.springframework.test.context.web.ServletTestExecutionListener, org.springframework.test.context.support.DirtiesContextBeforeModesTestExecutionListener, org.springframework.test.context.event.ApplicationEventsTestExecutionListener, org.springframework.test.context.support.DependencyInjectionTestExecutionListener, org.springframework.test.context.support.DirtiesContextTestExecutionListener, org.springframework.test.context.transaction.TransactionalTestExecutionListener, org.springframework.test.context.jdbc.SqlScriptsTestExecutionListener, org.springframework.test.context.event.EventPublishingTestExecutionListener]
22:55:05.675 [Test worker] DEBUG org.springframework.boot.test.context.SpringBootTestContextBootstrapper - Skipping candidate TestExecutionListener [org.springframework.test.context.transaction.TransactionalTestExecutionListener] due to a missing dependency. Specify custom listener classes or make the default listener classes and their required dependencies available. Offending class: [org/springframework/transaction/interceptor/TransactionAttributeSource]
22:55:05.676 [Test worker] DEBUG org.springframework.boot.test.context.SpringBootTestContextBootstrapper - Skipping candidate TestExecutionListener [org.springframework.test.context.jdbc.SqlScriptsTestExecutionListener] due to a missing dependency. Specify custom listener classes or make the default listener classes and their required dependencies available. Offending class: [org/springframework/transaction/interceptor/TransactionAttribute]
22:55:05.676 [Test worker] INFO org.springframework.boot.test.context.SpringBootTestContextBootstrapper - Using TestExecutionListeners: [org.springframework.test.context.web.ServletTestExecutionListener@3676ac27, org.springframework.test.context.support.DirtiesContextBeforeModesTestExecutionListener@62f87c44, org.springframework.test.context.event.ApplicationEventsTestExecutionListener@48f5bde6, org.springframework.boot.test.mock.mockito.MockitoTestExecutionListener@525d79f0, org.springframework.boot.test.autoconfigure.SpringBootDependencyInjectionTestExecutionListener@5149f008, org.springframework.test.context.support.DirtiesContextTestExecutionListener@7072bc39, org.springframework.test.context.event.EventPublishingTestExecutionListener@158d255c, org.springframework.boot.test.autoconfigure.restdocs.RestDocsTestExecutionListener@2ca65ce4, org.springframework.boot.test.autoconfigure.web.client.MockRestServiceServerResetTestExecutionListener@327120c8, org.springframework.boot.test.autoconfigure.web.servlet.MockMvcPrintOnlyOnFailureTestExecutionListener@5707c1cb, org.springframework.boot.test.autoconfigure.web.servlet.WebDriverTestExecutionListener@2b5cb9b2, org.springframework.boot.test.autoconfigure.webservices.client.MockWebServiceServerTestExecutionListener@35038141, org.springframework.boot.test.mock.mockito.ResetMocksTestExecutionListener@ecf9049]
22:55:05.680 [Test worker] DEBUG org.springframework.test.context.support.AbstractDirtiesContextTestExecutionListener - Before test class: context [DefaultTestContext@5a4bef8 testClass = ForestProjectApplicationTests, testInstance = [null], testMethod = [null], testException = [null], mergedContextConfiguration = [WebMergedContextConfiguration@40bffbca testClass = ForestProjectApplicationTests, locations = '{}', classes = '{class com.example.forestproject.ForestProjectApplication}', contextInitializerClasses = '[]', activeProfiles = '{}', propertySourceLocations = '{}', propertySourceProperties = '{org.springframework.boot.test.context.SpringBootTestContextBootstrapper=true}', contextCustomizers = set[org.springframework.boot.test.autoconfigure.actuate.metrics.MetricsExportContextCustomizerFactory$DisableMetricExportContextCustomizer@19553973, org.springframework.boot.test.autoconfigure.properties.PropertyMappingContextCustomizer@0, org.springframework.boot.test.autoconfigure.web.servlet.WebDriverContextCustomizerFactory$Customizer@7c098bb3, org.springframework.boot.test.context.filter.ExcludeFilterContextCustomizer@62f68dff, org.springframework.boot.test.json.DuplicateJsonObjectContextCustomizerFactory$DuplicateJsonObjectContextCustomizer@1d0d6318, org.springframework.boot.test.mock.mockito.MockitoContextCustomizer@0, org.springframework.boot.test.web.client.TestRestTemplateContextCustomizer@b6b1987, org.springframework.boot.test.context.SpringBootTestArgs@1, org.springframework.boot.test.context.SpringBootTestWebEnvironment@448c8166], resourceBasePath = 'src/main/webapp', contextLoader = 'org.springframework.boot.test.context.SpringBootContextLoader', parent = [null]], attributes = map['org.springframework.test.context.web.ServletTestExecutionListener.activateListener' -> true]], class annotated with @DirtiesContext [false] with mode [null].
22:55:05.746 [Test worker] DEBUG org.springframework.boot.ApplicationServletEnvironment - Activating profiles []
22:55:05.748 [Test worker] DEBUG org.springframework.test.context.support.TestPropertySourceUtils - Adding inlined properties to environment: {spring.jmx.enabled=false, org.springframework.boot.test.context.SpringBootTestContextBootstrapper=true}

  .   ____          _            __ _ _
 /\\ / ___'_ __ _ _(_)_ __  __ _ \ \ \ \
( ( )\___ | '_ | '_| | '_ \/ _` | \ \ \ \
 \\/  ___)| |_)| | | | | || (_| |  ) ) ) )
  '  |____| .__|_| |_|_| |_\__, | / / / /
 =========|_|==============|___/=/_/_/_/
 :: Spring Boot ::                (v2.6.1)

2021-12-19 22:55:06.122  INFO 40284 --- [    Test worker] c.e.f.ForestProjectApplicationTests      : Starting ForestProjectApplicationTests using Java 11.0.1 on 10220최희 with PID 40284 (started by user in C:\Users\user\Desktop\ForestProject)
2021-12-19 22:55:06.124  INFO 40284 --- [    Test worker] c.e.f.ForestProjectApplicationTests      : No active profile set, falling back to default profiles: default
2021-12-19 22:55:07.753  INFO 40284 --- [    Test worker] c.e.f.ForestProjectApplicationTests      : Started ForestProjectApplicationTests in 2.002 seconds (JVM running for 4.95)
]]></system-out>
  <system-err><![CDATA[]]></system-err>
</testsuite>
